                                                                                                                        
>>>>>>>>>>>>>>>>>>>>>>>>>>>>>>>>>>>>>>>>>>>>>>>>>>>>>>>>>>>>>>>>>>>>>>>>>>>>>>>>>>>>>>>>>>>>>>>>>>>>>>>>>>>>>>>>>>>>>>>>
2025-08-24 13:02:05,191 - INFO - START Authentication =============================================
2025-08-24 13:02:05,191 - INFO - START Authentication Start Time = 2025-08-24 13:02:05
2025-08-24 13:02:05,191 - INFO - Authentication Step 0 - Initialize the configuration file parser
2025-08-24 13:02:05,191 - INFO - Process Authentication Step 0 - Initializing and starting Logging Process.
2025-08-24 13:02:05,281 - INFO - PERFORMANCE Authentication The total process duration was:0.09
2025-08-24 13:02:05,281 - INFO - PERFORMANCE Authentication Stop Time = 2025-08-24 13:02:05
2025-08-24 13:02:05,281 - INFO - PERFORMANCE Authentication Short process duration less than 3 Seconds:0.09
2025-08-24 13:02:05,281 - INFO - PERFORMANCE Authentication Performance optimization is not reccomended
2025-08-24 13:02:05,281 - INFO - END Authentication =============================================

<<<<<<<<<<<<<<<<<<<<<<<<<<<<<<<<<<<<<<<<<<<<<<<<<<<<<<<<<<<<<<<<<<<<<<<<<<<<<<<<<<<<<<<<<<<<<<<<<<<<<<<<<<<<<<<<<<<<<<<<
                                                                                                                        
                                                                                                                        
>>>>>>>>>>>>>>>>>>>>>>>>>>>>>>>>>>>>>>>>>>>>>>>>>>>>>>>>>>>>>>>>>>>>>>>>>>>>>>>>>>>>>>>>>>>>>>>>>>>>>>>>>>>>>>>>>>>>>>>>
2025-08-24 20:43:51,071 - INFO - START Authentication =============================================
2025-08-24 20:43:51,071 - INFO - START Authentication Start Time = 2025-08-24 20:43:51
2025-08-24 20:43:51,071 - INFO - Authentication Step 0 - Initialize the configuration file parser
2025-08-24 20:43:51,071 - INFO - Process Authentication Step 0 - Initializing and starting Logging Process.
2025-08-24 20:43:51,135 - INFO - PERFORMANCE Authentication The total process duration was:0.06
2025-08-24 20:43:51,135 - INFO - PERFORMANCE Authentication Stop Time = 2025-08-24 20:43:51
2025-08-24 20:43:51,135 - INFO - PERFORMANCE Authentication Short process duration less than 3 Seconds:0.06
2025-08-24 20:43:51,135 - INFO - PERFORMANCE Authentication Performance optimization is not reccomended
2025-08-24 20:43:51,135 - INFO - END Authentication =============================================

<<<<<<<<<<<<<<<<<<<<<<<<<<<<<<<<<<<<<<<<<<<<<<<<<<<<<<<<<<<<<<<<<<<<<<<<<<<<<<<<<<<<<<<<<<<<<<<<<<<<<<<<<<<<<<<<<<<<<<<<
                                                                                                                        
                                                                                                                        
>>>>>>>>>>>>>>>>>>>>>>>>>>>>>>>>>>>>>>>>>>>>>>>>>>>>>>>>>>>>>>>>>>>>>>>>>>>>>>>>>>>>>>>>>>>>>>>>>>>>>>>>>>>>>>>>>>>>>>>>
2025-08-24 21:04:38,190 - INFO - START Authentication =============================================
2025-08-24 21:04:38,191 - INFO - START Authentication Start Time = 2025-08-24 21:04:38
2025-08-24 21:04:38,191 - INFO - Authentication Step 0 - Initialize the configuration file parser
2025-08-24 21:04:38,191 - INFO - Process Authentication Step 0 - Initializing and starting Logging Process.
2025-08-24 21:04:38,760 - INFO - PERFORMANCE Authentication The total process duration was:0.57
2025-08-24 21:04:38,761 - INFO - PERFORMANCE Authentication Stop Time = 2025-08-24 21:04:38
2025-08-24 21:04:38,761 - INFO - PERFORMANCE Authentication Short process duration less than 3 Seconds:0.57
2025-08-24 21:04:38,761 - INFO - PERFORMANCE Authentication Performance optimization is not reccomended
2025-08-24 21:04:38,761 - INFO - END Authentication =============================================

<<<<<<<<<<<<<<<<<<<<<<<<<<<<<<<<<<<<<<<<<<<<<<<<<<<<<<<<<<<<<<<<<<<<<<<<<<<<<<<<<<<<<<<<<<<<<<<<<<<<<<<<<<<<<<<<<<<<<<<<
                                                                                                                        
                                                                                                                        
>>>>>>>>>>>>>>>>>>>>>>>>>>>>>>>>>>>>>>>>>>>>>>>>>>>>>>>>>>>>>>>>>>>>>>>>>>>>>>>>>>>>>>>>>>>>>>>>>>>>>>>>>>>>>>>>>>>>>>>>
2025-08-24 22:27:17,824 - INFO - START Authentication =============================================
2025-08-24 22:27:17,824 - INFO - START Authentication Start Time = 2025-08-24 22:27:17
2025-08-24 22:27:17,824 - INFO - Authentication Step 0 - Initialize the configuration file parser
2025-08-24 22:27:17,824 - INFO - Process Authentication Step 0 - Initializing and starting Logging Process.
2025-08-24 22:27:18,403 - INFO - PERFORMANCE Authentication The total process duration was:0.58
2025-08-24 22:27:18,403 - INFO - PERFORMANCE Authentication Stop Time = 2025-08-24 22:27:18
2025-08-24 22:27:18,403 - INFO - PERFORMANCE Authentication Short process duration less than 3 Seconds:0.58
2025-08-24 22:27:18,403 - INFO - PERFORMANCE Authentication Performance optimization is not reccomended
2025-08-24 22:27:18,403 - INFO - END Authentication =============================================

<<<<<<<<<<<<<<<<<<<<<<<<<<<<<<<<<<<<<<<<<<<<<<<<<<<<<<<<<<<<<<<<<<<<<<<<<<<<<<<<<<<<<<<<<<<<<<<<<<<<<<<<<<<<<<<<<<<<<<<<
                                                                                                                        
                                                                                                                        
>>>>>>>>>>>>>>>>>>>>>>>>>>>>>>>>>>>>>>>>>>>>>>>>>>>>>>>>>>>>>>>>>>>>>>>>>>>>>>>>>>>>>>>>>>>>>>>>>>>>>>>>>>>>>>>>>>>>>>>>
2025-08-24 22:28:15,102 - INFO - START Authentication =============================================
2025-08-24 22:28:15,102 - INFO - START Authentication Start Time = 2025-08-24 22:28:15
2025-08-24 22:28:15,102 - INFO - Authentication Step 0 - Initialize the configuration file parser
2025-08-24 22:28:15,102 - INFO - Process Authentication Step 0 - Initializing and starting Logging Process.
2025-08-24 22:28:15,719 - INFO - PERFORMANCE Authentication The total process duration was:0.62
2025-08-24 22:28:15,720 - INFO - PERFORMANCE Authentication Stop Time = 2025-08-24 22:28:15
2025-08-24 22:28:15,720 - INFO - PERFORMANCE Authentication Short process duration less than 3 Seconds:0.62
2025-08-24 22:28:15,720 - INFO - PERFORMANCE Authentication Performance optimization is not reccomended
2025-08-24 22:28:15,720 - INFO - END Authentication =============================================

<<<<<<<<<<<<<<<<<<<<<<<<<<<<<<<<<<<<<<<<<<<<<<<<<<<<<<<<<<<<<<<<<<<<<<<<<<<<<<<<<<<<<<<<<<<<<<<<<<<<<<<<<<<<<<<<<<<<<<<<
                                                                                                                        
                                                                                                                        
>>>>>>>>>>>>>>>>>>>>>>>>>>>>>>>>>>>>>>>>>>>>>>>>>>>>>>>>>>>>>>>>>>>>>>>>>>>>>>>>>>>>>>>>>>>>>>>>>>>>>>>>>>>>>>>>>>>>>>>>
2025-08-24 22:32:43,595 - INFO - START Authentication =============================================
2025-08-24 22:32:43,595 - INFO - START Authentication Start Time = 2025-08-24 22:32:43
2025-08-24 22:32:43,595 - INFO - Authentication Step 0 - Initialize the configuration file parser
2025-08-24 22:32:43,595 - INFO - Process Authentication Step 0 - Initializing and starting Logging Process.
2025-08-24 22:32:44,144 - INFO - PERFORMANCE Authentication The total process duration was:0.55
2025-08-24 22:32:44,144 - INFO - PERFORMANCE Authentication Stop Time = 2025-08-24 22:32:44
2025-08-24 22:32:44,145 - INFO - PERFORMANCE Authentication Short process duration less than 3 Seconds:0.55
2025-08-24 22:32:44,145 - INFO - PERFORMANCE Authentication Performance optimization is not reccomended
2025-08-24 22:32:44,146 - INFO - END Authentication =============================================

<<<<<<<<<<<<<<<<<<<<<<<<<<<<<<<<<<<<<<<<<<<<<<<<<<<<<<<<<<<<<<<<<<<<<<<<<<<<<<<<<<<<<<<<<<<<<<<<<<<<<<<<<<<<<<<<<<<<<<<<
                                                                                                                        
